Base path: C:/Program Files/Unity541/Editor/Data
Cmd: getPlatforms
Cmd: preprocess
  insize=3538 outsize=1092 ok=1
Cmd: preprocess
  insize=3851 outsize=1117 ok=1
Cmd: preprocess
  insize=3727 outsize=1135 ok=1
Cmd: preprocess
  insize=3663 outsize=1100 ok=1
Cmd: preprocess
  insize=3538 outsize=1092 ok=1
Cmd: preprocess
  insize=3851 outsize=1117 ok=1
Cmd: preprocess
  insize=3727 outsize=1135 ok=1
Cmd: preprocess
  insize=3663 outsize=1100 ok=1
Cmd: preprocess
  insize=3538 outsize=1092 ok=1
Cmd: preprocess
  insize=3851 outsize=1117 ok=1
Cmd: preprocess
  insize=3727 outsize=1135 ok=1
Cmd: preprocess
  insize=3663 outsize=1100 ok=1
Cmd: preprocess
  insize=3538 outsize=1092 ok=1
Cmd: preprocess
  insize=3851 outsize=1117 ok=1
Cmd: preprocess
  insize=3727 outsize=1135 ok=1
Cmd: preprocess
  insize=3663 outsize=1100 ok=1
Cmd: preprocess
  insize=3538 outsize=1092 ok=1
Cmd: preprocess
  insize=3851 outsize=1117 ok=1
Cmd: preprocess
  insize=3727 outsize=1135 ok=1
Cmd: preprocess
  insize=3663 outsize=1100 ok=1
Cmd: preprocess
  insize=3538 outsize=1092 ok=1
Cmd: preprocess
  insize=3851 outsize=1117 ok=1
Cmd: preprocess
  insize=3727 outsize=1135 ok=1
Cmd: preprocess
  insize=3663 outsize=1100 ok=1
Cmd: preprocess
  insize=3376 outsize=1042 ok=1
Cmd: compileSnippet
  api=4 type=0 insize=2638 outsize=590 kw=NOT_GRAYED NOT_CLIPPED pd=UNITY_ENABLE_REFLECTION_BUFFERS UNITY_PBS_USE_BRDF1 UNITY_SPECCUBE_BOX_PROJECTION UNITY_SPECCUBE_BLENDING ok=1
Cmd: compileSnippet
  api=4 type=1 insize=2638 outsize=394 kw=NOT_GRAYED NOT_CLIPPED pd=UNITY_ENABLE_REFLECTION_BUFFERS UNITY_PBS_USE_BRDF1 UNITY_SPECCUBE_BOX_PROJECTION UNITY_SPECCUBE_BLENDING ok=1
Cmd: preprocess
  insize=3851 outsize=1117 ok=1
Cmd: preprocess
  insize=3727 outsize=1135 ok=1
Cmd: preprocess
  insize=3496 outsize=1050 ok=1
Cmd: compileSnippet
  api=4 type=0 insize=2750 outsize=798 kw=NOT_GRAYED NOT_CLIPPED pd=UNITY_ENABLE_REFLECTION_BUFFERS UNITY_PBS_USE_BRDF1 UNITY_SPECCUBE_BOX_PROJECTION UNITY_SPECCUBE_BLENDING ok=1
Cmd: compileSnippet
  api=4 type=1 insize=2750 outsize=458 kw=NOT_GRAYED NOT_CLIPPED pd=UNITY_ENABLE_REFLECTION_BUFFERS UNITY_PBS_USE_BRDF1 UNITY_SPECCUBE_BOX_PROJECTION UNITY_SPECCUBE_BLENDING ok=1
Cmd: compileSnippet
  api=4 type=0 insize=2750 outsize=1046 kw=NOT_GRAYED CLIPPED pd=UNITY_NO_SCREENSPACE_SHADOWS UNITY_ENABLE_REFLECTION_BUFFERS UNITY_PBS_USE_BRDF2 UNITY_HARDWARE_TIER3 ok=1
Cmd: compileSnippet
  api=4 type=1 insize=2750 outsize=614 kw=NOT_GRAYED CLIPPED pd=UNITY_NO_SCREENSPACE_SHADOWS UNITY_ENABLE_REFLECTION_BUFFERS UNITY_PBS_USE_BRDF2 UNITY_HARDWARE_TIER3 ok=1
Cmd: compileSnippet
  api=4 type=0 insize=2750 outsize=798 kw=NOT_GRAYED NOT_CLIPPED pd=UNITY_NO_SCREENSPACE_SHADOWS UNITY_ENABLE_REFLECTION_BUFFERS UNITY_PBS_USE_BRDF2 UNITY_HARDWARE_TIER3 ok=1
Cmd: compileSnippet
  api=4 type=1 insize=2750 outsize=458 kw=NOT_GRAYED NOT_CLIPPED pd=UNITY_NO_SCREENSPACE_SHADOWS UNITY_ENABLE_REFLECTION_BUFFERS UNITY_PBS_USE_BRDF2 UNITY_HARDWARE_TIER3 ok=1
Cmd: preprocess
  insize=3376 outsize=1042 ok=1
Cmd: preprocess
  insize=3851 outsize=1117 ok=1
Cmd: preprocess
  insize=3727 outsize=1135 ok=1
Cmd: preprocess
  insize=3496 outsize=1050 ok=1
Cmd: compileSnippet
  api=4 type=0 insize=1503 outsize=622 kw= pd=UNITY_NO_SCREENSPACE_SHADOWS UNITY_ENABLE_REFLECTION_BUFFERS UNITY_PBS_USE_BRDF2 UNITY_HARDWARE_TIER3 ok=1
Cmd: compileSnippet
  api=4 type=1 insize=1503 outsize=402 kw= pd=UNITY_NO_SCREENSPACE_SHADOWS UNITY_ENABLE_REFLECTION_BUFFERS UNITY_PBS_USE_BRDF2 UNITY_HARDWARE_TIER3 ok=1
Cmd: preprocess
  insize=1725 outsize=1007 ok=1
Cmd: compileSnippet
  api=4 type=0 insize=1020 outsize=630 kw= pd=UNITY_ENABLE_REFLECTION_BUFFERS UNITY_PBS_USE_BRDF1 UNITY_SPECCUBE_BOX_PROJECTION UNITY_SPECCUBE_BLENDING ok=1
Cmd: compileSnippet
  api=4 type=1 insize=1020 outsize=450 kw= pd=UNITY_ENABLE_REFLECTION_BUFFERS UNITY_PBS_USE_BRDF1 UNITY_SPECCUBE_BOX_PROJECTION UNITY_SPECCUBE_BLENDING ok=1
Cmd: compileSnippet
  api=4 type=0 insize=1726 outsize=622 kw= pd=UNITY_NO_SCREENSPACE_SHADOWS UNITY_ENABLE_REFLECTION_BUFFERS UNITY_PBS_USE_BRDF2 UNITY_HARDWARE_TIER3 ok=1
Cmd: compileSnippet
  api=4 type=1 insize=1726 outsize=450 kw= pd=UNITY_NO_SCREENSPACE_SHADOWS UNITY_ENABLE_REFLECTION_BUFFERS UNITY_PBS_USE_BRDF2 UNITY_HARDWARE_TIER3 ok=1
Cmd: compileSnippet
  api=4 type=0 insize=1663 outsize=622 kw= pd=UNITY_NO_SCREENSPACE_SHADOWS UNITY_ENABLE_REFLECTION_BUFFERS UNITY_PBS_USE_BRDF2 UNITY_HARDWARE_TIER3 ok=1
Cmd: compileSnippet
  api=4 type=1 insize=1663 outsize=450 kw= pd=UNITY_NO_SCREENSPACE_SHADOWS UNITY_ENABLE_REFLECTION_BUFFERS UNITY_PBS_USE_BRDF2 UNITY_HARDWARE_TIER3 ok=1
Cmd: preprocess
  insize=3376 outsize=1042 ok=1
Cmd: preprocess
  insize=3851 outsize=1117 ok=1
Cmd: preprocess
  insize=3727 outsize=1135 ok=1
Cmd: preprocess
  insize=3496 outsize=1050 ok=1
Cmd: preprocess
  insize=3376 outsize=1042 ok=1
Cmd: preprocess
  insize=3851 outsize=1117 ok=1
Cmd: preprocess
  insize=3727 outsize=1135 ok=1
Cmd: preprocess
  insize=3496 outsize=1050 ok=1
